\BOOKMARK [1][-]{section.1}{Introducci\363n}{}% 1
\BOOKMARK [1][-]{section.2}{Descriptores Elegidos}{}% 2
\BOOKMARK [2][-]{subsection.2.1}{Tempo}{section.2}% 3
\BOOKMARK [2][-]{subsection.2.2}{Factor de cresta}{section.2}% 4
\BOOKMARK [2][-]{subsection.2.3}{Silence Rate}{section.2}% 5
\BOOKMARK [2][-]{subsection.2.4}{Chroma Analisys}{section.2}% 6
\BOOKMARK [1][-]{section.3}{Resultados}{}% 7
\BOOKMARK [2][-]{subsection.3.1}{Preparaci\363n de la se\361al temporal}{section.3}% 8
\BOOKMARK [2][-]{subsection.3.2}{Visualizaci\363n de la STFT}{section.3}% 9
\BOOKMARK [2][-]{subsection.3.3}{Estimaci\363n del tempo}{section.3}% 10
\BOOKMARK [2][-]{subsection.3.4}{Factor de cresta}{section.3}% 11
\BOOKMARK [2][-]{subsection.3.5}{Silence Rate}{section.3}% 12
\BOOKMARK [2][-]{subsection.3.6}{Chroma Analysis}{section.3}% 13
\BOOKMARK [1][-]{section.4}{An\341lisis de resultados}{}% 14
\BOOKMARK [2][-]{subsection.4.1}{STFT}{section.4}% 15
\BOOKMARK [2][-]{subsection.4.2}{Tempo}{section.4}% 16
\BOOKMARK [2][-]{subsection.4.3}{Factor de cresta}{section.4}% 17
\BOOKMARK [2][-]{subsection.4.4}{Chroma Analysis}{section.4}% 18
\BOOKMARK [2][-]{subsection.4.5}{Silence Rate}{section.4}% 19
\BOOKMARK [1][-]{section.5}{Referencias}{}% 20
\BOOKMARK [1][-]{appendix.Alph1}{Resultados adicionales}{}% 21
\BOOKMARK [1][-]{appendix.Alph2}{Implementaciones}{}% 22
